-Xajruntimetarget:1.5
-showWeaveInfo
-source
16
-target
16
-verbose
-classpath
C:\Users\TOSHIBA\.m2\repository\org\springframework\spring-context\6.1.4\spring-context-6.1.4.jar;C:\Users\TOSHIBA\.m2\repository\org\springframework\spring-aop\6.1.4\spring-aop-6.1.4.jar;C:\Users\TOSHIBA\.m2\repository\org\springframework\spring-beans\6.1.4\spring-beans-6.1.4.jar;C:\Users\TOSHIBA\.m2\repository\org\springframework\spring-core\6.1.4\spring-core-6.1.4.jar;C:\Users\TOSHIBA\.m2\repository\org\springframework\spring-jcl\6.1.4\spring-jcl-6.1.4.jar;C:\Users\TOSHIBA\.m2\repository\org\springframework\spring-expression\6.1.4\spring-expression-6.1.4.jar;C:\Users\TOSHIBA\.m2\repository\io\micrometer\micrometer-observation\1.12.3\micrometer-observation-1.12.3.jar;C:\Users\TOSHIBA\.m2\repository\io\micrometer\micrometer-commons\1.12.3\micrometer-commons-1.12.3.jar;C:\Users\TOSHIBA\.m2\repository\org\springframework\spring-aspects\6.1.4\spring-aspects-6.1.4.jar;C:\Users\TOSHIBA\.m2\repository\org\aspectj\aspectjrt\1.9.21\aspectjrt-1.9.21.jar;C:\Users\TOSHIBA\.m2\repository\org\aspectj\aspectjweaver\1.9.21\aspectjweaver-1.9.21.jar;C:\Users\TOSHIBA\Documents\TareaAspectos\Tarea-Aspectos\demo\target\classes
-aspectpath
C:\Users\TOSHIBA\.m2\repository\org\aspectj\aspectjrt\1.9.21\aspectjrt-1.9.21.jar
-d
C:\Users\TOSHIBA\Documents\TareaAspectos\Tarea-Aspectos\demo\target\classes
-s
C:\Users\TOSHIBA\Documents\TareaAspectos\Tarea-Aspectos\demo\target\generated-sources\aspectj-maven-plugin
C:\Users\TOSHIBA\Documents\TareaAspectos\Tarea-Aspectos\demo\src\main\java\com\example\Adapter\AdaptadorHDMI.java
C:\Users\TOSHIBA\Documents\TareaAspectos\Tarea-Aspectos\demo\src\main\java\com\example\Adapter\ConsolaVideojuegosActual.java
C:\Users\TOSHIBA\Documents\TareaAspectos\Tarea-Aspectos\demo\src\main\java\com\example\Adapter\Main.java
C:\Users\TOSHIBA\Documents\TareaAspectos\Tarea-Aspectos\demo\src\main\java\com\example\Adapter\Televisor90s.java
C:\Users\TOSHIBA\Documents\TareaAspectos\Tarea-Aspectos\demo\src\main\java\com\example\adapter_aop\AdaptadorHDMI_A.java
C:\Users\TOSHIBA\Documents\TareaAspectos\Tarea-Aspectos\demo\src\main\java\com\example\adapter_aop\AppConfig.java
C:\Users\TOSHIBA\Documents\TareaAspectos\Tarea-Aspectos\demo\src\main\java\com\example\adapter_aop\ConexionAspecto_A.java
C:\Users\TOSHIBA\Documents\TareaAspectos\Tarea-Aspectos\demo\src\main\java\com\example\adapter_aop\ConsolaVideojuegosActual_A.java
C:\Users\TOSHIBA\Documents\TareaAspectos\Tarea-Aspectos\demo\src\main\java\com\example\adapter_aop\Main.java
C:\Users\TOSHIBA\Documents\TareaAspectos\Tarea-Aspectos\demo\src\main\java\com\example\adapter_aop\Televisor90s_A.java
C:\Users\TOSHIBA\Documents\TareaAspectos\Tarea-Aspectos\demo\src\main\java\com\example\Singleton\Configuracion.java
C:\Users\TOSHIBA\Documents\TareaAspectos\Tarea-Aspectos\demo\src\main\java\com\example\Singleton\Main.java
